Using pre-set license
Built from '2020.3/staging' branch; Version is '2020.3.14f1 (d0d1bb862f9d) revision 13685179'; Using compiler version '192528614'; Build Type 'Release'
OS: 'Windows 10 Pro; OS build 22000.318; Version 2009; 64bit' Language: 'en' Physical Memory: 16335 MB
BatchMode: 1, IsHumanControllingUs: 0, StartBugReporterOnCrash: 0, Is64bit: 1, IsPro: 0

 COMMAND LINE ARGUMENTS:
C:\Program Files\Unity\Hub\Editor\2020.3.14f1\Editor\Unity.exe
-adb2
-batchMode
-noUpm
-name
AssetImportWorker0
-projectPath
C:/Users/Angel/Desktop/Mult154/Mult154_ASanchez_Project
-logFile
Logs/AssetImportWorker0.log
-srvPort
58313
Successfully changed project path to: C:/Users/Angel/Desktop/Mult154/Mult154_ASanchez_Project
C:/Users/Angel/Desktop/Mult154/Mult154_ASanchez_Project
Using Asset Import Pipeline V2.
Refreshing native plugins compatible for Editor in 86.90 ms, found 2 plugins.
Preloading 0 native plugins for Editor in 0.00 ms.
Initialize engine version: 2020.3.14f1 (d0d1bb862f9d)
[Subsystems] Discovering subsystems at path C:/Program Files/Unity/Hub/Editor/2020.3.14f1/Editor/Data/Resources/UnitySubsystems
[Subsystems] Discovering subsystems at path C:/Users/Angel/Desktop/Mult154/Mult154_ASanchez_Project/Assets
GfxDevice: creating device client; threaded=0
Direct3D:
    Version:  Direct3D 11.0 [level 11.1]
    Renderer: Radeon RX 580 Series (ID=0x67df)
    Vendor:   
    VRAM:     8171 MB
    Driver:   27.20.21002.112
Shader 'Universal Render Pipeline/Particles/Lit': fallback shader 'Universal Render Pipeline/Particles/SimpleLit' not found
Initialize mono
Mono path[0] = 'C:/Program Files/Unity/Hub/Editor/2020.3.14f1/Editor/Data/Managed'
Mono path[1] = 'C:/Program Files/Unity/Hub/Editor/2020.3.14f1/Editor/Data/MonoBleedingEdge/lib/mono/unityjit'
Mono config path = 'C:/Program Files/Unity/Hub/Editor/2020.3.14f1/Editor/Data/MonoBleedingEdge/etc'
Using monoOptions --debugger-agent=transport=dt_socket,embedding=1,server=y,suspend=n,address=127.0.0.1:56324
Begin MonoManager ReloadAssembly
Registering precompiled unity dll's ...
Register platform support module: C:/Program Files/Unity/Hub/Editor/2020.3.14f1/Editor/Data/PlaybackEngines/WebGLSupport/UnityEditor.WebGL.Extensions.dll
Register platform support module: C:/Program Files/Unity/Hub/Editor/2020.3.14f1/Editor/Data/PlaybackEngines/WindowsStandaloneSupport/UnityEditor.WindowsStandalone.Extensions.dll
Registered in 0.002588 seconds.
Native extension for WindowsStandalone target not found
Native extension for WebGL target not found
Refreshing native plugins compatible for Editor in 77.68 ms, found 2 plugins.
Preloading 0 native plugins for Editor in 0.00 ms.
Mono: successfully reloaded assembly
- Completed reload, in  1.522 seconds
Domain Reload Profiling:
	ReloadAssembly (1523ms)
		BeginReloadAssembly (55ms)
			ExecutionOrderSort (0ms)
			DisableScriptedObjects (0ms)
			BackupInstance (0ms)
			ReleaseScriptingObjects (0ms)
			CreateAndSetChildDomain (1ms)
		EndReloadAssembly (495ms)
			LoadAssemblies (53ms)
			RebuildTransferFunctionScriptingTraits (0ms)
			SetupTypeCache (153ms)
			ReleaseScriptCaches (0ms)
			RebuildScriptCaches (41ms)
			SetupLoadedEditorAssemblies (221ms)
				LogAssemblyErrors (0ms)
				InitializePlatformSupportModulesInManaged (5ms)
				SetLoadedEditorAssemblies (0ms)
				RefreshPlugins (78ms)
				BeforeProcessingInitializeOnLoad (16ms)
				ProcessInitializeOnLoadAttributes (92ms)
				ProcessInitializeOnLoadMethodAttributes (30ms)
				AfterProcessingInitializeOnLoad (0ms)
				EditorAssembliesLoaded (0ms)
			ExecutionOrderSort2 (0ms)
			AwakeInstancesAfterBackupRestoration (0ms)
Platform modules already initialized, skipping
Registering precompiled user dll's ...
Registered in 0.007266 seconds.
Begin MonoManager ReloadAssembly
Native extension for WindowsStandalone target not found
Native extension for WebGL target not found
Refreshing native plugins compatible for Editor in 95.51 ms, found 2 plugins.
Preloading 0 native plugins for Editor in 0.00 ms.
Mono: successfully reloaded assembly
- Completed reload, in  2.382 seconds
Domain Reload Profiling:
	ReloadAssembly (2383ms)
		BeginReloadAssembly (153ms)
			ExecutionOrderSort (0ms)
			DisableScriptedObjects (6ms)
			BackupInstance (0ms)
			ReleaseScriptingObjects (0ms)
			CreateAndSetChildDomain (19ms)
		EndReloadAssembly (2160ms)
			LoadAssemblies (104ms)
			RebuildTransferFunctionScriptingTraits (0ms)
			SetupTypeCache (337ms)
			ReleaseScriptCaches (1ms)
			RebuildScriptCaches (77ms)
			SetupLoadedEditorAssemblies (1492ms)
				LogAssemblyErrors (0ms)
				InitializePlatformSupportModulesInManaged (7ms)
				SetLoadedEditorAssemblies (0ms)
				RefreshPlugins (96ms)
				BeforeProcessingInitializeOnLoad (167ms)
				ProcessInitializeOnLoadAttributes (1174ms)
				ProcessInitializeOnLoadMethodAttributes (41ms)
				AfterProcessingInitializeOnLoad (6ms)
				EditorAssembliesLoaded (0ms)
			ExecutionOrderSort2 (0ms)
			AwakeInstancesAfterBackupRestoration (7ms)
Platform modules already initialized, skipping
========================================================================
Worker process is ready to serve import requests
Shader 'Universal Render Pipeline/Particles/Lit': fallback shader 'Universal Render Pipeline/Particles/SimpleLit' not found
Launched and connected shader compiler UnityShaderCompiler.exe after 0.03 seconds
Refreshing native plugins compatible for Editor in 1.04 ms, found 2 plugins.
Preloading 0 native plugins for Editor in 0.00 ms.
Unloading 3567 Unused Serialized files (Serialized files now loaded: 0)
System memory in use before: 150.4 MB.
System memory in use after: 150.6 MB.

Unloading 61 unused Assets to reduce memory usage. Loaded Objects now: 3968.
Total: 6.794400 ms (FindLiveObjects: 0.332300 ms CreateObjectMapping: 0.087100 ms MarkObjects: 6.268300 ms  DeleteObjects: 0.105200 ms)

AssetImportParameters requested are different than current active one (requested -> active):
  custom:framework-win-MediaFoundation: 216162199b28c13a410421893ffa2e32 -> 
  custom:video-decoder-ogg-theora: a1e56fd34408186e4bbccfd4996cb3dc -> 
  custom:container-muxer-webm: aa71ff27fc2769a1b78a27578f13a17b -> 
  custom:container-demuxer-webm: 4f35f7cbe854078d1ac9338744f61a02 -> 
  custom:container-demuxer-ogg: 62fdf1f143b41e24485cea50d1cbac27 -> 
  custom:video-encoder-webm-vp8: eb34c28f22e8b96e1ab97ce403110664 -> 
  custom:video-decoder-webm-vp8: 9c59270c3fd7afecdb556c50c9e8de78 -> 
  custom:audio-decoder-ogg-vorbis: bf7c407c2cedff20999df2af8eb42d56 -> 
  custom:audio-encoder-webm-vorbis: bf7c407c2cedff20999df2af8eb42d56 -> 
========================================================================
Received Import Request.
  path: Assets/Settings/SampleSceneProfile.asset
  artifactKey: Guid(10fc4df2da32a41aaa32d77bc913491c) Importer(815301076,1909f56bfc062723c751e8b465ee728b)
Start importing Assets/Settings/SampleSceneProfile.asset using Guid(10fc4df2da32a41aaa32d77bc913491c) Importer(815301076,1909f56bfc062723c751e8b465ee728b)  -> (artifact id: 'd2b3f476ab718b1cf20d183dd9addfe7') in 0.048251 seconds 
  Import took 0.053387 seconds .

========================================================================
Received Import Request.
  Time since last request: 0.000207 seconds.
  path: Assets/Scenes
  artifactKey: Guid(a06adf0ffba377148bb70973bbb2e539) Importer(815301076,1909f56bfc062723c751e8b465ee728b)
Start importing Assets/Scenes using Guid(a06adf0ffba377148bb70973bbb2e539) Importer(815301076,1909f56bfc062723c751e8b465ee728b)  -> (artifact id: '0fc1263e0a959778df2c52d8b03d9911') in 0.008765 seconds 
  Import took 0.013802 seconds .

========================================================================
Received Import Request.
  Time since last request: 0.000179 seconds.
  path: Assets/Sprites Images/SupplyDropTimer.prefab
  artifactKey: Guid(3d4b12714ba27d748931d192c6466a3a) Importer(815301076,1909f56bfc062723c751e8b465ee728b)
Start importing Assets/Sprites Images/SupplyDropTimer.prefab using Guid(3d4b12714ba27d748931d192c6466a3a) Importer(815301076,1909f56bfc062723c751e8b465ee728b)  -> (artifact id: '0c640cda218747217fddbf101702eded') in 0.082488 seconds 
  Import took 0.087552 seconds .

========================================================================
Received Import Request.
  Time since last request: 0.000175 seconds.
  path: Assets/sounds/soundbits_JustGore2_Crunch_Bite_Rip_11.mp3
  artifactKey: Guid(6b39e8cd82ce9ce479485c1deca50f73) Importer(815301076,1909f56bfc062723c751e8b465ee728b)
Start importing Assets/sounds/soundbits_JustGore2_Crunch_Bite_Rip_11.mp3 using Guid(6b39e8cd82ce9ce479485c1deca50f73) Importer(815301076,1909f56bfc062723c751e8b465ee728b)  -> (artifact id: 'b760a53f1a8228e95446494a41df3318') in 0.070462 seconds 
  Import took 0.075148 seconds .

========================================================================
Received Import Request.
  Time since last request: 0.000226 seconds.
  path: Assets/Settings/UniversalRP-LowQuality.asset
  artifactKey: Guid(a31e9f9f9c9d4b9429ed0d1234e22103) Importer(815301076,1909f56bfc062723c751e8b465ee728b)
Start importing Assets/Settings/UniversalRP-LowQuality.asset using Guid(a31e9f9f9c9d4b9429ed0d1234e22103) Importer(815301076,1909f56bfc062723c751e8b465ee728b)  -> (artifact id: 'b226a0bb157262eadf686f6bb5b5f1f8') in 0.009419 seconds 
  Import took 0.014350 seconds .

========================================================================
Received Import Request.
  Time since last request: 0.000236 seconds.
  path: Assets/Sprites Images/2.png
  artifactKey: Guid(27cbfcfda9b398f4baca1ddf943af458) Importer(815301076,1909f56bfc062723c751e8b465ee728b)
Start importing Assets/Sprites Images/2.png using Guid(27cbfcfda9b398f4baca1ddf943af458) Importer(815301076,1909f56bfc062723c751e8b465ee728b)  -> (artifact id: '49cc25b26f5dd0657c620e163c3a8d5c') in 0.037714 seconds 
  Import took 0.042907 seconds .

========================================================================
Received Import Request.
  Time since last request: 0.000196 seconds.
  path: Assets/Sprites Images/zombie stock img.jpg
  artifactKey: Guid(f287b73780305ba4da6d26e951ffaa03) Importer(815301076,1909f56bfc062723c751e8b465ee728b)
Start importing Assets/Sprites Images/zombie stock img.jpg using Guid(f287b73780305ba4da6d26e951ffaa03) Importer(815301076,1909f56bfc062723c751e8b465ee728b)  -> (artifact id: '7497196efca0a9404811f3c3e437bffc') in 0.024194 seconds 
  Import took 0.029770 seconds .

========================================================================
Received Import Request.
  Time since last request: 0.000203 seconds.
  path: Assets/Sprites Images/health icon.png
  artifactKey: Guid(2ec6c5ed67e87e243aeea5471aaaa15b) Importer(815301076,1909f56bfc062723c751e8b465ee728b)
Start importing Assets/Sprites Images/health icon.png using Guid(2ec6c5ed67e87e243aeea5471aaaa15b) Importer(815301076,1909f56bfc062723c751e8b465ee728b)  -> (artifact id: 'bcd0b91ca14e8f2357e16899f4f00862') in 0.030681 seconds 
  Import took 0.035421 seconds .

========================================================================
Received Import Request.
  Time since last request: 0.000172 seconds.
  path: Assets/sounds/music_zapsplat_game_music_mystery_underscore_airy_dark_tension_006.mp3
  artifactKey: Guid(151b275cc5df8ec4eba247b72e891695) Importer(815301076,1909f56bfc062723c751e8b465ee728b)
Start importing Assets/sounds/music_zapsplat_game_music_mystery_underscore_airy_dark_tension_006.mp3 using Guid(151b275cc5df8ec4eba247b72e891695) Importer(815301076,1909f56bfc062723c751e8b465ee728b)  -> (artifact id: '85adf3b4d7d4cbfe4faea73b1ab1d537') in 0.018226 seconds 
  Import took 0.023324 seconds .

========================================================================
Received Import Request.
  Time since last request: 0.000172 seconds.
  path: Assets/Scenes/SampleScene
  artifactKey: Guid(8d088b0cf5192234abe050846a619444) Importer(815301076,1909f56bfc062723c751e8b465ee728b)
Start importing Assets/Scenes/SampleScene using Guid(8d088b0cf5192234abe050846a619444) Importer(815301076,1909f56bfc062723c751e8b465ee728b)  -> (artifact id: '6b59cac10e875cc4d425397ce481c0e9') in 0.008402 seconds 
  Import took 0.013385 seconds .

========================================================================
Received Import Request.
  Time since last request: 0.000322 seconds.
  path: Assets/Settings/UniversalRP-MediumQuality.asset
  artifactKey: Guid(d847b876476d3d6468f5dfcd34266f96) Importer(815301076,1909f56bfc062723c751e8b465ee728b)
Start importing Assets/Settings/UniversalRP-MediumQuality.asset using Guid(d847b876476d3d6468f5dfcd34266f96) Importer(815301076,1909f56bfc062723c751e8b465ee728b)  -> (artifact id: 'd421f548a6507a11f25ec3578746e9c1') in 0.009160 seconds 
  Import took 0.015512 seconds .

========================================================================
Received Import Request.
  Time since last request: 0.000197 seconds.
  path: Assets/sounds/zapsplat_horror_atmosphere_dark_sinister_haunting_whining_metallic_shrill_001_74694.mp3
  artifactKey: Guid(4737f78aa38b03d43b4d6518e76534e6) Importer(815301076,1909f56bfc062723c751e8b465ee728b)
Start importing Assets/sounds/zapsplat_horror_atmosphere_dark_sinister_haunting_whining_metallic_shrill_001_74694.mp3 using Guid(4737f78aa38b03d43b4d6518e76534e6) Importer(815301076,1909f56bfc062723c751e8b465ee728b)  -> (artifact id: '460d2bea0184a6c0ee27d15ca04e2172') in 0.017209 seconds 
  Import took 0.022420 seconds .

========================================================================
Received Import Request.
  Time since last request: 0.000182 seconds.
  path: Assets/Settings/UniversalRP-HighQuality.asset
  artifactKey: Guid(19ba41d7c0026c3459d37c2fe90c55a0) Importer(815301076,1909f56bfc062723c751e8b465ee728b)
Start importing Assets/Settings/UniversalRP-HighQuality.asset using Guid(19ba41d7c0026c3459d37c2fe90c55a0) Importer(815301076,1909f56bfc062723c751e8b465ee728b)  -> (artifact id: '02e18c1f933b70f494440bf5e7626866') in 0.010260 seconds 
  Import took 0.015168 seconds .

========================================================================
Received Import Request.
  Time since last request: 0.000189 seconds.
  path: Assets/Sprites Images/0.png
  artifactKey: Guid(b2bb88de7fa2c7c41887303fb2dc6c0b) Importer(815301076,1909f56bfc062723c751e8b465ee728b)
Start importing Assets/Sprites Images/0.png using Guid(b2bb88de7fa2c7c41887303fb2dc6c0b) Importer(815301076,1909f56bfc062723c751e8b465ee728b)  -> (artifact id: '3893492365cd864b7ebdb230a6b09a4f') in 0.028820 seconds 
  Import took 0.036349 seconds .

========================================================================
Received Import Request.
  Time since last request: 0.000273 seconds.
  path: Assets/Sprites Images/1.png
  artifactKey: Guid(c9114a3b79ce8cf4e8e6c655f1782ce7) Importer(815301076,1909f56bfc062723c751e8b465ee728b)
Start importing Assets/Sprites Images/1.png using Guid(c9114a3b79ce8cf4e8e6c655f1782ce7) Importer(815301076,1909f56bfc062723c751e8b465ee728b)  -> (artifact id: '7a2a284399e09d4676e88febdd09b08a') in 0.026492 seconds 
  Import took 0.032920 seconds .

========================================================================
Received Import Request.
  Time since last request: 0.000183 seconds.
  path: Assets/Settings/ForwardRenderer.asset
  artifactKey: Guid(4a8e21d5c33334b11b34a596161b9360) Importer(815301076,1909f56bfc062723c751e8b465ee728b)
Start importing Assets/Settings/ForwardRenderer.asset using Guid(4a8e21d5c33334b11b34a596161b9360) Importer(815301076,1909f56bfc062723c751e8b465ee728b)  -> (artifact id: '63cf95242464b0f1307a08bc2392aaaa') in 0.012932 seconds 
  Import took 0.018416 seconds .

========================================================================
Received Import Request.
  Time since last request: 0.000165 seconds.
  path: Assets/sounds/zapsplat_horror_zombie_male_groan_growl_11766.mp3
  artifactKey: Guid(e00ad4ae5c8dd584bbb618d75d1c007e) Importer(815301076,1909f56bfc062723c751e8b465ee728b)
Start importing Assets/sounds/zapsplat_horror_zombie_male_groan_growl_11766.mp3 using Guid(e00ad4ae5c8dd584bbb618d75d1c007e) Importer(815301076,1909f56bfc062723c751e8b465ee728b)  -> (artifact id: '3b13c3ce66d327f99cd72a8a133340b8') in 0.021203 seconds 
  Import took 0.027468 seconds .

========================================================================
Received Import Request.
  Time since last request: 0.000240 seconds.
  path: Assets/Sprites Images/3.png
  artifactKey: Guid(6bfcfab4cd0605449b9b59888e95afd1) Importer(815301076,1909f56bfc062723c751e8b465ee728b)
Start importing Assets/Sprites Images/3.png using Guid(6bfcfab4cd0605449b9b59888e95afd1) Importer(815301076,1909f56bfc062723c751e8b465ee728b)  -> (artifact id: '283df1c0a62731f1ab9f1945c799e975') in 0.021209 seconds 
  Import took 0.027024 seconds .

========================================================================
Received Import Request.
  Time since last request: 0.000523 seconds.
  path: Assets/Sprites Images/circle.png
  artifactKey: Guid(92789ea285389e74f8b8d5bf7a08ee92) Importer(815301076,1909f56bfc062723c751e8b465ee728b)
Start importing Assets/Sprites Images/circle.png using Guid(92789ea285389e74f8b8d5bf7a08ee92) Importer(815301076,1909f56bfc062723c751e8b465ee728b)  -> (artifact id: '73cd121c0bbc14eb99b87e19e03804b8') in 0.022515 seconds 
  Import took 0.028623 seconds .

========================================================================
Received Import Request.
  Time since last request: 0.000184 seconds.
  path: Assets/Sprites Images/white-square.jpg
  artifactKey: Guid(96f40a11c6bf26a47aa1a7a886520eea) Importer(815301076,1909f56bfc062723c751e8b465ee728b)
Start importing Assets/Sprites Images/white-square.jpg using Guid(96f40a11c6bf26a47aa1a7a886520eea) Importer(815301076,1909f56bfc062723c751e8b465ee728b)  -> (artifact id: '549071a586055fcaea63c6a0829b1fb3') in 0.020083 seconds 
  Import took 0.025321 seconds .

========================================================================
Received Import Request.
  Time since last request: 0.000174 seconds.
  path: Assets/Scenes/SampleScene/NavMesh.asset
  artifactKey: Guid(9b062b421de8622429a61a86a84e62b1) Importer(815301076,1909f56bfc062723c751e8b465ee728b)
Start importing Assets/Scenes/SampleScene/NavMesh.asset using Guid(9b062b421de8622429a61a86a84e62b1) Importer(815301076,1909f56bfc062723c751e8b465ee728b)  -> (artifact id: 'f76c4f65be547eee6b37d5488fbf4f1e') in 0.014746 seconds 
  Import took 0.020400 seconds .

========================================================================
Received Import Request.
  Time since last request: 0.642760 seconds.
  path: Assets/Tree_Textures/diffuse.png
  artifactKey: Guid(6b45b36fb10282043bf0618f670ea035) Importer(815301076,1909f56bfc062723c751e8b465ee728b)
Start importing Assets/Tree_Textures/diffuse.png using Guid(6b45b36fb10282043bf0618f670ea035) Importer(815301076,1909f56bfc062723c751e8b465ee728b)  -> (artifact id: 'ad0ab4595adce3c0f4e8ea63e4ee9f09') in 0.013671 seconds 
  Import took 0.018963 seconds .

========================================================================
Received Import Request.
  Time since last request: 0.000217 seconds.
  path: Assets/Tree_Textures/translucency_gloss.png
  artifactKey: Guid(b99eb0f1c9816ad4e9a33224ae7171b5) Importer(815301076,1909f56bfc062723c751e8b465ee728b)
Start importing Assets/Tree_Textures/translucency_gloss.png using Guid(b99eb0f1c9816ad4e9a33224ae7171b5) Importer(815301076,1909f56bfc062723c751e8b465ee728b)  -> (artifact id: '4e0d17bac6b7bf64f61c9eb25d1cf626') in 0.012982 seconds 
  Import took 0.017764 seconds .

========================================================================
Received Import Request.
  Time since last request: 0.000167 seconds.
  path: Assets/Tree_Textures/shadow.png
  artifactKey: Guid(56a768ea55c713744873ceaf7d8f4f59) Importer(815301076,1909f56bfc062723c751e8b465ee728b)
Start importing Assets/Tree_Textures/shadow.png using Guid(56a768ea55c713744873ceaf7d8f4f59) Importer(815301076,1909f56bfc062723c751e8b465ee728b)  -> (artifact id: 'd17de59b1a07b3d795d2f7d3ab242be2') in 0.013340 seconds 
  Import took 0.018936 seconds .

========================================================================
Received Import Request.
  Time since last request: 0.000243 seconds.
  path: Assets/Tree_Textures/normal_specular.png
  artifactKey: Guid(467ff671a712f7f429b91bf8035866d9) Importer(815301076,1909f56bfc062723c751e8b465ee728b)
Start importing Assets/Tree_Textures/normal_specular.png using Guid(467ff671a712f7f429b91bf8035866d9) Importer(815301076,1909f56bfc062723c751e8b465ee728b)  -> (artifact id: '697f453ddc483514829b13d8331879b3') in 0.013005 seconds 
  Import took 0.018050 seconds .

========================================================================
Received Import Request.
  Time since last request: 252.935934 seconds.
  path: Assets/Scenes/Level0.unity
  artifactKey: Guid(460fd701a8a9cb64096d25ff2638bffa) Importer(815301076,1909f56bfc062723c751e8b465ee728b)
Start importing Assets/Scenes/Level0.unity using Guid(460fd701a8a9cb64096d25ff2638bffa) Importer(815301076,1909f56bfc062723c751e8b465ee728b)  -> (artifact id: '45cead775d593321fe9f17e1b3fb2429') in 0.010392 seconds 
  Import took 0.015854 seconds .

========================================================================
Received Import Request.
  Time since last request: 13.695777 seconds.
  path: Assets/Scenes/SampleScene.unity
  artifactKey: Guid(d1c3109bdb54ad54c8a2b2838528e640) Importer(815301076,1909f56bfc062723c751e8b465ee728b)
Start importing Assets/Scenes/SampleScene.unity using Guid(d1c3109bdb54ad54c8a2b2838528e640) Importer(815301076,1909f56bfc062723c751e8b465ee728b)  -> (artifact id: '326481197838d684d64b75aa281b2b2d') in 0.008663 seconds 
  Import took 0.013648 seconds .

========================================================================
Received Prepare
Registering precompiled user dll's ...
Registered in 0.011077 seconds.
Begin MonoManager ReloadAssembly
Native extension for WindowsStandalone target not found
Native extension for WebGL target not found
Refreshing native plugins compatible for Editor in 1.03 ms, found 2 plugins.
Preloading 0 native plugins for Editor in 0.00 ms.
Mono: successfully reloaded assembly
- Completed reload, in  1.554 seconds
Domain Reload Profiling:
	ReloadAssembly (1554ms)
		BeginReloadAssembly (145ms)
			ExecutionOrderSort (0ms)
			DisableScriptedObjects (10ms)
			BackupInstance (0ms)
			ReleaseScriptingObjects (0ms)
			CreateAndSetChildDomain (46ms)
		EndReloadAssembly (1337ms)
			LoadAssemblies (106ms)
			RebuildTransferFunctionScriptingTraits (0ms)
			SetupTypeCache (339ms)
			ReleaseScriptCaches (1ms)
			RebuildScriptCaches (62ms)
			SetupLoadedEditorAssemblies (693ms)
				LogAssemblyErrors (0ms)
				InitializePlatformSupportModulesInManaged (7ms)
				SetLoadedEditorAssemblies (1ms)
				RefreshPlugins (1ms)
				BeforeProcessingInitializeOnLoad (129ms)
				ProcessInitializeOnLoadAttributes (511ms)
				ProcessInitializeOnLoadMethodAttributes (37ms)
				AfterProcessingInitializeOnLoad (7ms)
				EditorAssembliesLoaded (0ms)
			ExecutionOrderSort2 (0ms)
			AwakeInstancesAfterBackupRestoration (13ms)
Platform modules already initialized, skipping
Shader 'Universal Render Pipeline/Particles/Lit': fallback shader 'Universal Render Pipeline/Particles/SimpleLit' not found
Refreshing native plugins compatible for Editor in 1.65 ms, found 2 plugins.
Preloading 0 native plugins for Editor in 0.00 ms.
Unloading 3455 Unused Serialized files (Serialized files now loaded: 0)
System memory in use before: 147.0 MB.
System memory in use after: 146.4 MB.

Unloading 54 unused Assets to reduce memory usage. Loaded Objects now: 4007.
Total: 12.355600 ms (FindLiveObjects: 0.971700 ms CreateObjectMapping: 0.397500 ms MarkObjects: 10.131800 ms  DeleteObjects: 0.851300 ms)

AssetImportParameters requested are different than current active one (requested -> active):
  custom:framework-win-MediaFoundation: 216162199b28c13a410421893ffa2e32 -> 
  custom:video-decoder-ogg-theora: a1e56fd34408186e4bbccfd4996cb3dc -> 
  custom:container-muxer-webm: aa71ff27fc2769a1b78a27578f13a17b -> 
  custom:container-demuxer-webm: 4f35f7cbe854078d1ac9338744f61a02 -> 
  custom:container-demuxer-ogg: 62fdf1f143b41e24485cea50d1cbac27 -> 
  custom:video-encoder-webm-vp8: eb34c28f22e8b96e1ab97ce403110664 -> 
  custom:video-decoder-webm-vp8: 9c59270c3fd7afecdb556c50c9e8de78 -> 
  custom:audio-decoder-ogg-vorbis: bf7c407c2cedff20999df2af8eb42d56 -> 
  custom:audio-encoder-webm-vorbis: bf7c407c2cedff20999df2af8eb42d56 -> 
========================================================================
Received Import Request.
  Time since last request: 165.810097 seconds.
  path: Assets/New Terrain.asset
  artifactKey: Guid(50ce993ef7907ea448a14709b243a9c8) Importer(815301076,1909f56bfc062723c751e8b465ee728b)
Start importing Assets/New Terrain.asset using Guid(50ce993ef7907ea448a14709b243a9c8) Importer(815301076,1909f56bfc062723c751e8b465ee728b)  -> (artifact id: '2074778fa142ae285c338f55bb113ea4') in 0.298576 seconds 
  Import took 0.322418 seconds .

========================================================================
Received Prepare
Registering precompiled user dll's ...
Registered in 0.006809 seconds.
Begin MonoManager ReloadAssembly
Native extension for WindowsStandalone target not found
Native extension for WebGL target not found
Refreshing native plugins compatible for Editor in 1.01 ms, found 2 plugins.
Preloading 0 native plugins for Editor in 0.00 ms.
Mono: successfully reloaded assembly
- Completed reload, in  1.617 seconds
Domain Reload Profiling:
	ReloadAssembly (1618ms)
		BeginReloadAssembly (145ms)
			ExecutionOrderSort (0ms)
			DisableScriptedObjects (8ms)
			BackupInstance (0ms)
			ReleaseScriptingObjects (0ms)
			CreateAndSetChildDomain (52ms)
		EndReloadAssembly (1384ms)
			LoadAssemblies (112ms)
			RebuildTransferFunctionScriptingTraits (0ms)
			SetupTypeCache (352ms)
			ReleaseScriptCaches (1ms)
			RebuildScriptCaches (62ms)
			SetupLoadedEditorAssemblies (704ms)
				LogAssemblyErrors (0ms)
				InitializePlatformSupportModulesInManaged (6ms)
				SetLoadedEditorAssemblies (1ms)
				RefreshPlugins (1ms)
				BeforeProcessingInitializeOnLoad (137ms)
				ProcessInitializeOnLoadAttributes (515ms)
				ProcessInitializeOnLoadMethodAttributes (37ms)
				AfterProcessingInitializeOnLoad (7ms)
				EditorAssembliesLoaded (0ms)
			ExecutionOrderSort2 (0ms)
			AwakeInstancesAfterBackupRestoration (13ms)
Platform modules already initialized, skipping
Shader 'Universal Render Pipeline/Particles/Lit': fallback shader 'Universal Render Pipeline/Particles/SimpleLit' not found
Refreshing native plugins compatible for Editor in 1.05 ms, found 2 plugins.
Preloading 0 native plugins for Editor in 0.00 ms.
Unloading 3458 Unused Serialized files (Serialized files now loaded: 0)
System memory in use before: 148.7 MB.
System memory in use after: 148.1 MB.

Unloading 54 unused Assets to reduce memory usage. Loaded Objects now: 4017.
Total: 8.114400 ms (FindLiveObjects: 0.338000 ms CreateObjectMapping: 0.089500 ms MarkObjects: 7.076000 ms  DeleteObjects: 0.609600 ms)

AssetImportParameters requested are different than current active one (requested -> active):
  custom:framework-win-MediaFoundation: 216162199b28c13a410421893ffa2e32 -> 
  custom:video-decoder-ogg-theora: a1e56fd34408186e4bbccfd4996cb3dc -> 
  custom:container-muxer-webm: aa71ff27fc2769a1b78a27578f13a17b -> 
  custom:container-demuxer-webm: 4f35f7cbe854078d1ac9338744f61a02 -> 
  custom:container-demuxer-ogg: 62fdf1f143b41e24485cea50d1cbac27 -> 
  custom:video-encoder-webm-vp8: eb34c28f22e8b96e1ab97ce403110664 -> 
  custom:video-decoder-webm-vp8: 9c59270c3fd7afecdb556c50c9e8de78 -> 
  custom:audio-decoder-ogg-vorbis: bf7c407c2cedff20999df2af8eb42d56 -> 
  custom:audio-encoder-webm-vorbis: bf7c407c2cedff20999df2af8eb42d56 -> 
